<?xml version="1.0" encoding="UTF-8"?>
<testsuite xmlns:xsi="http://www.w3.org/2001/XMLSchema-instance" xsi:noNamespaceSchemaLocation="https://maven.apache.org/surefire/maven-surefire-plugin/xsd/surefire-test-report-3.0.xsd" version="3.0" name="TestSuite" time="14.169" tests="1" errors="0" skipped="0" failures="0">
  <properties>
[...]
</properties>
  <testcase name="runScenario[&quot;Verify user can login with correct credentials&quot;, &quot;Book Store login Tests&quot;](1)" classname="testRunners.TestRunner" time="2.949">
    <system-out><![CDATA[
@LoginPage @Test-001
Scenario Outline: Verify user can login with correct credentials                     &amp#27;[90m# src/test/resources/features/BookStoreApplication/Login.feature:11&amp#27;[0m
  &amp#27;[32mGiven &amp#27;[0m&amp#27;[32mUser is on the login screen&amp#27;[0m                                                  &amp#27;[90m# stepDefinitions.bookStoreSteps.BookStoreNavigation_Steps.user_is_on_login_screen()&amp#27;[0m
  &amp#27;[32mWhen &amp#27;[0m&amp#27;[32mUser provides &amp#27;[0m&amp#27;[32m&amp#27;[1mdemoQaLeo1&amp#27;[0m&amp#27;[32m and &amp#27;[0m&amp#27;[32m&amp#27;[1mGetswift@123&amp#27;[0m&amp#27;[32m as credentials and hit login button&amp#27;[0m &amp#27;[90m# stepDefinitions.bookStoreSteps.BookStoreNavigation_Steps.user_provides_credentials_and_logs_in(java.lang.String,java.lang.String)&amp#27;[0m
  &amp#27;[32mThen &amp#27;[0m&amp#27;[32mUser is logged in to the system&amp#27;[0m                                               &amp#27;[90m# stepDefinitions.bookStoreSteps.UserHomePage_Steps.user_is_logged_in()&amp#27;[0m
]]></system-out>
    <system-err><![CDATA[SLF4J: No SLF4J providers were found.
SLF4J: Defaulting to no-operation (NOP) logger implementation
SLF4J: See https://www.slf4j.org/codes.html#noProviders for further details.
Aug 25, 2023 6:00:13 AM io.cucumber.core.options.CucumberPropertiesParser lambda$warnWhenCucumberOptionsIsUsed$1
WARNING: Passing commandline options via the property 'cucumber.options' is no longer supported. Please use individual properties instead. See the java doc on io.cucumber.core.options.Constants for details.
Aug 25, 2023 6:00:19 AM org.openqa.selenium.devtools.CdpVersionFinder findNearestMatch
WARNING: Unable to find an exact match for CDP version 116, so returning the closest version found: 115
]]></system-err>
  </testcase>
</testsuite>