<?xml version="1.0" encoding="UTF-8"?>
<testng-results ignored="0" total="1" passed="1" failed="0" skipped="0">
  <reporter-output>
  </reporter-output>
  <suite started-at="2023-08-25T06:00:13 CEST" name="Suite1" finished-at="2023-08-25T06:00:25 CEST" duration-ms="11755">
    <groups>
      <group name="cucumber">
        <method signature="AbstractTestNGCucumberTests.runScenario(io.cucumber.testng.PickleWrapper,io.cucumber.testng.FeatureWrapper)[pri:0, instance:testRunners.TestRunner@7dc19a70]" name="runScenario" class="io.cucumber.testng.AbstractTestNGCucumberTests"/>
      </group> <!-- cucumber -->
    </groups>
    <test started-at="2023-08-25T06:00:13 CEST" name="QA Demo" finished-at="2023-08-25T06:00:25 CEST" duration-ms="11755">
      <class name="testRunners.TestRunner">
        <test-method is-config="true" signature="setUpClass(org.testng.ITestContext)[pri:0, instance:testRunners.TestRunner@7dc19a70]" started-at="2023-08-25T06:00:13 CEST" name="setUpClass" finished-at="2023-08-25T06:00:21 CEST" duration-ms="7967" status="PASS">
          <params>
            <param index="0">
              <value>
                <![CDATA[org.testng.TestRunner@3e05586b]]>
              </value>
            </param>
          </params>
          <reporter-output>
          </reporter-output>
        </test-method> <!-- setUpClass -->
        <test-method signature="runScenario(io.cucumber.testng.PickleWrapper,io.cucumber.testng.FeatureWrapper)[pri:0, instance:testRunners.TestRunner@7dc19a70]" started-at="2023-08-25T06:00:21 CEST" name="runScenario" description="Runs Cucumber Scenarios" data-provider="scenarios" finished-at="2023-08-25T06:00:24 CEST" duration-ms="2947" status="PASS">
          <params>
            <param index="0">
              <value>
                <![CDATA["Verify user can login with correct credentials"]]>
              </value>
            </param>
            <param index="1">
              <value>
                <![CDATA["Book Store login Tests"]]>
              </value>
            </param>
          </params>
          <reporter-output>
          </reporter-output>
        </test-method> <!-- runScenario -->
        <test-method is-config="true" signature="tearDownClass()[pri:0, instance:testRunners.TestRunner@7dc19a70]" started-at="2023-08-25T06:00:24 CEST" name="tearDownClass" finished-at="2023-08-25T06:00:25 CEST" duration-ms="759" status="PASS">
          <reporter-output>
          </reporter-output>
        </test-method> <!-- tearDownClass -->
      </class> <!-- testRunners.TestRunner -->
    </test> <!-- QA Demo -->
  </suite> <!-- Suite1 -->
</testng-results>
